J:\UNIVERSTITY PROJECTS AND DOCUMENTS\COMPUTER VISION 2013\CODE\OPENCV PROJECT\OPENCV PROJECT\DEBUG\CVSTEREODEPTH.PCH
J:\UNIVERSTITY PROJECTS AND DOCUMENTS\COMPUTER VISION 2013\CODE\OPENCV PROJECT\OPENCV PROJECT\DEBUG\STDAFX.OBJ
J:\UNIVERSTITY PROJECTS AND DOCUMENTS\COMPUTER VISION 2013\CODE\OPENCV PROJECT\OPENCV PROJECT\DEBUG\VC110.PDB
J:\UNIVERSTITY PROJECTS AND DOCUMENTS\COMPUTER VISION 2013\CODE\OPENCV PROJECT\OPENCV PROJECT\DEBUG\GLOBALDATA.OBJ
J:\UNIVERSTITY PROJECTS AND DOCUMENTS\COMPUTER VISION 2013\CODE\OPENCV PROJECT\OPENCV PROJECT\DEBUG\CVSTEREODETECT.OBJ
J:\UNIVERSTITY PROJECTS AND DOCUMENTS\COMPUTER VISION 2013\CODE\OPENCV PROJECT\OPENCV PROJECT\DEBUG\CVSTEREODEPTH.OBJ
J:\UNIVERSTITY PROJECTS AND DOCUMENTS\COMPUTER VISION 2013\CODE\OPENCV PROJECT\OPENCV PROJECT\DEBUG\CVSTEREOCALIBRATION.OBJ
J:\UNIVERSTITY PROJECTS AND DOCUMENTS\COMPUTER VISION 2013\CODE\OPENCV PROJECT\OPENCV PROJECT\DEBUG\CVSTEREOCORRESPONDANCE.OBJ
J:\UNIVERSTITY PROJECTS AND DOCUMENTS\COMPUTER VISION 2013\CODE\OPENCV PROJECT\OPENCV PROJECT\DEBUG\CVSTEREOWEBCAM.OBJ
J:\UNIVERSTITY PROJECTS AND DOCUMENTS\COMPUTER VISION 2013\CODE\OPENCV PROJECT\OPENCV PROJECT\DEBUG\STEREO_CALIBRATE.OBJ
J:\UNIVERSTITY PROJECTS AND DOCUMENTS\COMPUTER VISION 2013\CODE\OPENCV PROJECT\DEBUG\CVSTEREODEPTH.ILK
J:\UNIVERSTITY PROJECTS AND DOCUMENTS\COMPUTER VISION 2013\CODE\OPENCV PROJECT\DEBUG\CVSTEREODEPTH.EXE
J:\UNIVERSTITY PROJECTS AND DOCUMENTS\COMPUTER VISION 2013\CODE\OPENCV PROJECT\DEBUG\CVSTEREODEPTH.PDB
J:\Universtity Projects and Documents\Computer Vision 2013\Code\openCV Project\openCV Project\Debug\CVStereoCalibration.obj
J:\Universtity Projects and Documents\Computer Vision 2013\Code\openCV Project\openCV Project\Debug\CVStereoCorrespondance.obj
J:\Universtity Projects and Documents\Computer Vision 2013\Code\openCV Project\openCV Project\Debug\CVStereoDepth.obj
J:\Universtity Projects and Documents\Computer Vision 2013\Code\openCV Project\openCV Project\Debug\CVStereoDetect.obj
J:\Universtity Projects and Documents\Computer Vision 2013\Code\openCV Project\openCV Project\Debug\CVStereoWebcam.obj
J:\Universtity Projects and Documents\Computer Vision 2013\Code\openCV Project\openCV Project\Debug\globaldata.obj
J:\Universtity Projects and Documents\Computer Vision 2013\Code\openCV Project\openCV Project\Debug\stdafx.obj
J:\Universtity Projects and Documents\Computer Vision 2013\Code\openCV Project\openCV Project\Debug\stereo_calibrate.obj
J:\Universtity Projects and Documents\Computer Vision 2013\Code\openCV Project\openCV Project\Debug\cl.command.1.tlog
J:\Universtity Projects and Documents\Computer Vision 2013\Code\openCV Project\openCV Project\Debug\CL.read.1.tlog
J:\Universtity Projects and Documents\Computer Vision 2013\Code\openCV Project\openCV Project\Debug\CL.write.1.tlog
J:\Universtity Projects and Documents\Computer Vision 2013\Code\openCV Project\openCV Project\Debug\link-cvtres.read.1.tlog
J:\Universtity Projects and Documents\Computer Vision 2013\Code\openCV Project\openCV Project\Debug\link-cvtres.write.1.tlog
J:\Universtity Projects and Documents\Computer Vision 2013\Code\openCV Project\openCV Project\Debug\link-rc.read.1.tlog
J:\Universtity Projects and Documents\Computer Vision 2013\Code\openCV Project\openCV Project\Debug\link-rc.write.1.tlog
J:\Universtity Projects and Documents\Computer Vision 2013\Code\openCV Project\openCV Project\Debug\link.5196-cvtres.read.1.tlog
J:\Universtity Projects and Documents\Computer Vision 2013\Code\openCV Project\openCV Project\Debug\link.5196-cvtres.write.1.tlog
J:\Universtity Projects and Documents\Computer Vision 2013\Code\openCV Project\openCV Project\Debug\link.5196-rc.read.1.tlog
J:\Universtity Projects and Documents\Computer Vision 2013\Code\openCV Project\openCV Project\Debug\link.5196-rc.write.1.tlog
J:\Universtity Projects and Documents\Computer Vision 2013\Code\openCV Project\openCV Project\Debug\link.5196.read.1.tlog
J:\Universtity Projects and Documents\Computer Vision 2013\Code\openCV Project\openCV Project\Debug\link.5196.write.1.tlog
J:\Universtity Projects and Documents\Computer Vision 2013\Code\openCV Project\openCV Project\Debug\link.6056-cvtres.read.1.tlog
J:\Universtity Projects and Documents\Computer Vision 2013\Code\openCV Project\openCV Project\Debug\link.6056-cvtres.write.1.tlog
J:\Universtity Projects and Documents\Computer Vision 2013\Code\openCV Project\openCV Project\Debug\link.6056-rc.read.1.tlog
J:\Universtity Projects and Documents\Computer Vision 2013\Code\openCV Project\openCV Project\Debug\link.6056-rc.write.1.tlog
J:\Universtity Projects and Documents\Computer Vision 2013\Code\openCV Project\openCV Project\Debug\link.6056.read.1.tlog
J:\Universtity Projects and Documents\Computer Vision 2013\Code\openCV Project\openCV Project\Debug\link.6056.write.1.tlog
J:\Universtity Projects and Documents\Computer Vision 2013\Code\openCV Project\openCV Project\Debug\link.6572-cvtres.read.1.tlog
J:\Universtity Projects and Documents\Computer Vision 2013\Code\openCV Project\openCV Project\Debug\link.6572-cvtres.write.1.tlog
J:\Universtity Projects and Documents\Computer Vision 2013\Code\openCV Project\openCV Project\Debug\link.6572-rc.read.1.tlog
J:\Universtity Projects and Documents\Computer Vision 2013\Code\openCV Project\openCV Project\Debug\link.6572-rc.write.1.tlog
J:\Universtity Projects and Documents\Computer Vision 2013\Code\openCV Project\openCV Project\Debug\link.6572.read.1.tlog
J:\Universtity Projects and Documents\Computer Vision 2013\Code\openCV Project\openCV Project\Debug\link.6572.write.1.tlog
J:\Universtity Projects and Documents\Computer Vision 2013\Code\openCV Project\openCV Project\Debug\link.command.1.tlog
J:\Universtity Projects and Documents\Computer Vision 2013\Code\openCV Project\openCV Project\Debug\link.read.1.tlog
J:\Universtity Projects and Documents\Computer Vision 2013\Code\openCV Project\openCV Project\Debug\link.write.1.tlog
J:\Universtity Projects and Documents\Computer Vision 2013\Code\openCV Project\openCV Project\Debug\CVStereoDepth.pch
J:\Universtity Projects and Documents\Computer Vision 2013\Code\openCV Project\openCV Project\Debug\vc110.idb
J:\Universtity Projects and Documents\Computer Vision 2013\Code\openCV Project\openCV Project\Debug\vc110.pdb
J:\Universtity Projects and Documents\Computer Vision 2013\Code\openCV Project\Debug\CVStereoDepth.pdb
J:\Universtity Projects and Documents\Computer Vision 2013\Code\openCV Project\Debug\CVStereoDepth.exe
J:\Universtity Projects and Documents\Computer Vision 2013\Code\openCV Project\Debug\CVStereoDepth.ilk
