J:\UNIVERSTITY PROJECTS AND DOCUMENTS\COMPUTER VISION 2013\CODE\OPENCV PROJECT\OPENCV PROJECT\RELEASE\VC110.PDB
J:\UNIVERSTITY PROJECTS AND DOCUMENTS\COMPUTER VISION 2013\CODE\OPENCV PROJECT\OPENCV PROJECT\RELEASE\STEREO_CALIBRATE.OBJ
J:\UNIVERSTITY PROJECTS AND DOCUMENTS\COMPUTER VISION 2013\CODE\OPENCV PROJECT\OPENCV PROJECT\RELEASE\CVSTEREODETECT.OBJ
J:\UNIVERSTITY PROJECTS AND DOCUMENTS\COMPUTER VISION 2013\CODE\OPENCV PROJECT\OPENCV PROJECT\RELEASE\CVSTEREOWEBCAM.OBJ
J:\UNIVERSTITY PROJECTS AND DOCUMENTS\COMPUTER VISION 2013\CODE\OPENCV PROJECT\OPENCV PROJECT\RELEASE\CVSTEREOCALIBRATION.OBJ
J:\UNIVERSTITY PROJECTS AND DOCUMENTS\COMPUTER VISION 2013\CODE\OPENCV PROJECT\OPENCV PROJECT\RELEASE\GLOBALDATA.OBJ
J:\UNIVERSTITY PROJECTS AND DOCUMENTS\COMPUTER VISION 2013\CODE\OPENCV PROJECT\OPENCV PROJECT\RELEASE\CVSTEREODEPTH.OBJ
J:\UNIVERSTITY PROJECTS AND DOCUMENTS\COMPUTER VISION 2013\CODE\OPENCV PROJECT\OPENCV PROJECT\RELEASE\CVSTEREOCORRESPONDANCE.OBJ
J:\UNIVERSTITY PROJECTS AND DOCUMENTS\COMPUTER VISION 2013\CODE\OPENCV PROJECT\RELEASE\CVSTEREODEPTH.EXE
J:\UNIVERSTITY PROJECTS AND DOCUMENTS\COMPUTER VISION 2013\CODE\OPENCV PROJECT\RELEASE\CVSTEREODEPTH.PDB
J:\Universtity Projects and Documents\Computer Vision 2013\Code\openCV Project\openCV Project\Release\CVStereoCalibration.obj
J:\Universtity Projects and Documents\Computer Vision 2013\Code\openCV Project\openCV Project\Release\CVStereoCorrespondance.obj
J:\Universtity Projects and Documents\Computer Vision 2013\Code\openCV Project\openCV Project\Release\CVStereoDepth.obj
J:\Universtity Projects and Documents\Computer Vision 2013\Code\openCV Project\openCV Project\Release\CVStereoDetect.obj
J:\Universtity Projects and Documents\Computer Vision 2013\Code\openCV Project\openCV Project\Release\CVStereoWebcam.obj
J:\Universtity Projects and Documents\Computer Vision 2013\Code\openCV Project\openCV Project\Release\globaldata.obj
J:\Universtity Projects and Documents\Computer Vision 2013\Code\openCV Project\openCV Project\Release\stdafx.obj
J:\Universtity Projects and Documents\Computer Vision 2013\Code\openCV Project\openCV Project\Release\stereo_calibrate.obj
J:\Universtity Projects and Documents\Computer Vision 2013\Code\openCV Project\openCV Project\Release\cl.command.1.tlog
J:\Universtity Projects and Documents\Computer Vision 2013\Code\openCV Project\openCV Project\Release\CL.read.1.tlog
J:\Universtity Projects and Documents\Computer Vision 2013\Code\openCV Project\openCV Project\Release\CL.write.1.tlog
J:\Universtity Projects and Documents\Computer Vision 2013\Code\openCV Project\openCV Project\Release\link-cvtres.read.1.tlog
J:\Universtity Projects and Documents\Computer Vision 2013\Code\openCV Project\openCV Project\Release\link-cvtres.write.1.tlog
J:\Universtity Projects and Documents\Computer Vision 2013\Code\openCV Project\openCV Project\Release\link-rc.read.1.tlog
J:\Universtity Projects and Documents\Computer Vision 2013\Code\openCV Project\openCV Project\Release\link-rc.write.1.tlog
J:\Universtity Projects and Documents\Computer Vision 2013\Code\openCV Project\openCV Project\Release\link.command.1.tlog
J:\Universtity Projects and Documents\Computer Vision 2013\Code\openCV Project\openCV Project\Release\link.read.1.tlog
J:\Universtity Projects and Documents\Computer Vision 2013\Code\openCV Project\openCV Project\Release\link.read.3.tlog
J:\Universtity Projects and Documents\Computer Vision 2013\Code\openCV Project\openCV Project\Release\link.write.1.tlog
J:\Universtity Projects and Documents\Computer Vision 2013\Code\openCV Project\openCV Project\Release\CVStereoDepth.pch
J:\Universtity Projects and Documents\Computer Vision 2013\Code\openCV Project\openCV Project\Release\vc110.pdb
J:\Universtity Projects and Documents\Computer Vision 2013\Code\openCV Project\Release\CVStereoDepth.pdb
J:\Universtity Projects and Documents\Computer Vision 2013\Code\openCV Project\Release\CVStereoDepth.exe
